#-----------------------------------------------------------
# Vivado v2019.2 (64-bit)
# SW Build 2708876 on Wed Nov  6 21:40:23 MST 2019
# IP Build 2700528 on Thu Nov  7 00:09:20 MST 2019
# Start of session at: Sat Jun 19 19:58:44 2021
# Process ID: 16948
# Current directory: D:/work/vivado/project_4
# Command line: vivado.exe -gui_launcher_event rodinguilauncherevent15092 D:\work\vivado\project_4\project_4.xpr
# Log file: D:/work/vivado/project_4/vivado.log
# Journal file: D:/work/vivado/project_4\vivado.jou
#-----------------------------------------------------------
start_gui
open_project D:/work/vivado/project_4/project_4.xpr
Scanning sources...
Finished scanning sources
INFO: [IP_Flow 19-234] Refreshing IP repositories
INFO: [IP_Flow 19-1704] No user IP repositories specified
INFO: [IP_Flow 19-2313] Loaded Vivado IP repository 'D:/Xilinx/Vivado/2019.2/data/ip'.
open_project: Time (s): cpu = 00:00:18 ; elapsed = 00:00:07 . Memory (MB): peak = 696.371 ; gain = 66.551
update_compile_order -fileset sources_1
reset_run synth_1
launch_runs synth_1 -jobs 4
[Sat Jun 19 19:59:31 2021] Launched synth_1...
Run output will be captured here: D:/work/vivado/project_4/project_4.runs/synth_1/runme.log
launch_runs impl_1 -jobs 4
[Sat Jun 19 20:00:29 2021] Launched impl_1...
Run output will be captured here: D:/work/vivado/project_4/project_4.runs/impl_1/runme.log
launch_runs impl_1 -to_step write_bitstream -jobs 4
[Sat Jun 19 20:02:02 2021] Launched impl_1...
Run output will be captured here: D:/work/vivado/project_4/project_4.runs/impl_1/runme.log
exit
INFO: [Common 17-206] Exiting Vivado at Sat Jun 19 20:03:02 2021...
