#-----------------------------------------------------------
# Vivado v2019.2 (64-bit)
# SW Build 2708876 on Wed Nov  6 21:40:23 MST 2019
# IP Build 2700528 on Thu Nov  7 00:09:20 MST 2019
# Start of session at: Sun Jun 20 00:04:03 2021
# Process ID: 29160
# Current directory: D:/work/vivado/project_2
# Command line: vivado.exe -gui_launcher_event rodinguilauncherevent29208 D:\work\vivado\project_2\project_2.xpr
# Log file: D:/work/vivado/project_2/vivado.log
# Journal file: D:/work/vivado/project_2\vivado.jou
#-----------------------------------------------------------
start_gui
open_project D:/work/vivado/project_2/project_2.xpr
Scanning sources...
Finished scanning sources
INFO: [IP_Flow 19-234] Refreshing IP repositories
INFO: [IP_Flow 19-1704] No user IP repositories specified
INFO: [IP_Flow 19-2313] Loaded Vivado IP repository 'D:/Xilinx/Vivado/2019.2/data/ip'.
open_project: Time (s): cpu = 00:00:39 ; elapsed = 00:00:16 . Memory (MB): peak = 698.438 ; gain = 69.031
update_compile_order -fileset sources_1
export_ip_user_files -of_objects  [get_files D:/work/vivado/project_2/project_2.srcs/sources_1/new/top.sv] -no_script -reset -force -quiet
export_ip_user_files -of_objects  [get_files D:/work/vivado/project_2/project_2.srcs/sources_1/new/controller.sv] -no_script -reset -force -quiet
export_ip_user_files -of_objects  [get_files D:/work/vivado/project_2/project_2.srcs/sources_1/new/mips.sv] -no_script -reset -force -quiet
export_ip_user_files -of_objects  [get_files D:/work/vivado/project_2/project_2.srcs/sources_1/new/maindec.sv] -no_script -reset -force -quiet
export_ip_user_files -of_objects  [get_files D:/work/vivado/project_2/project_2.srcs/sources_1/new/aludec.sv] -no_script -reset -force -quiet
export_ip_user_files -of_objects  [get_files D:/work/vivado/project_2/project_2.srcs/sources_1/new/datapath.sv] -no_script -reset -force -quiet
export_ip_user_files -of_objects  [get_files D:/work/vivado/project_2/project_2.srcs/sources_1/new/flopr.sv] -no_script -reset -force -quiet
export_ip_user_files -of_objects  [get_files D:/work/vivado/project_2/project_2.srcs/sources_1/new/adder.sv] -no_script -reset -force -quiet
export_ip_user_files -of_objects  [get_files D:/work/vivado/project_2/project_2.srcs/sources_1/new/s12.sv] -no_script -reset -force -quiet
export_ip_user_files -of_objects  [get_files D:/work/vivado/project_2/project_2.srcs/sources_1/new/mux2.sv] -no_script -reset -force -quiet
export_ip_user_files -of_objects  [get_files D:/work/vivado/project_2/project_2.srcs/sources_1/new/regfile.sv] -no_script -reset -force -quiet
export_ip_user_files -of_objects  [get_files D:/work/vivado/project_2/project_2.srcs/sources_1/new/signext.sv] -no_script -reset -force -quiet
export_ip_user_files -of_objects  [get_files D:/work/vivado/project_2/project_2.srcs/sources_1/new/zeroext.sv] -no_script -reset -force -quiet
export_ip_user_files -of_objects  [get_files D:/work/vivado/project_2/project_2.srcs/sources_1/new/alu.sv] -no_script -reset -force -quiet
export_ip_user_files -of_objects  [get_files D:/work/vivado/project_2/project_2.srcs/sources_1/new/imem.sv] -no_script -reset -force -quiet
export_ip_user_files -of_objects  [get_files D:/work/vivado/project_2/project_2.srcs/sources_1/new/DataMemoryDecoder.sv] -no_script -reset -force -quiet
export_ip_user_files -of_objects  [get_files D:/work/vivado/project_2/project_2.srcs/sources_1/new/dmem.sv] -no_script -reset -force -quiet
export_ip_user_files -of_objects  [get_files D:/work/vivado/project_2/project_2.srcs/sources_1/new/IO.sv] -no_script -reset -force -quiet
export_ip_user_files -of_objects  [get_files D:/work/vivado/project_2/project_2.srcs/sources_1/new/mux7seg.v] -no_script -reset -force -quiet
remove_files  {D:/work/vivado/project_2/project_2.srcs/sources_1/new/top.sv D:/work/vivado/project_2/project_2.srcs/sources_1/new/controller.sv D:/work/vivado/project_2/project_2.srcs/sources_1/new/mips.sv D:/work/vivado/project_2/project_2.srcs/sources_1/new/maindec.sv D:/work/vivado/project_2/project_2.srcs/sources_1/new/aludec.sv D:/work/vivado/project_2/project_2.srcs/sources_1/new/datapath.sv D:/work/vivado/project_2/project_2.srcs/sources_1/new/flopr.sv D:/work/vivado/project_2/project_2.srcs/sources_1/new/adder.sv D:/work/vivado/project_2/project_2.srcs/sources_1/new/s12.sv D:/work/vivado/project_2/project_2.srcs/sources_1/new/mux2.sv D:/work/vivado/project_2/project_2.srcs/sources_1/new/regfile.sv D:/work/vivado/project_2/project_2.srcs/sources_1/new/signext.sv D:/work/vivado/project_2/project_2.srcs/sources_1/new/zeroext.sv D:/work/vivado/project_2/project_2.srcs/sources_1/new/alu.sv D:/work/vivado/project_2/project_2.srcs/sources_1/new/imem.sv D:/work/vivado/project_2/project_2.srcs/sources_1/new/DataMemoryDecoder.sv D:/work/vivado/project_2/project_2.srcs/sources_1/new/dmem.sv D:/work/vivado/project_2/project_2.srcs/sources_1/new/IO.sv D:/work/vivado/project_2/project_2.srcs/sources_1/new/mux7seg.v}
file delete -force D:/work/vivado/project_2/project_2.srcs/sources_1/new/top.sv D:/work/vivado/project_2/project_2.srcs/sources_1/new/controller.sv D:/work/vivado/project_2/project_2.srcs/sources_1/new/mips.sv D:/work/vivado/project_2/project_2.srcs/sources_1/new/maindec.sv D:/work/vivado/project_2/project_2.srcs/sources_1/new/aludec.sv D:/work/vivado/project_2/project_2.srcs/sources_1/new/datapath.sv D:/work/vivado/project_2/project_2.srcs/sources_1/new/flopr.sv D:/work/vivado/project_2/project_2.srcs/sources_1/new/adder.sv D:/work/vivado/project_2/project_2.srcs/sources_1/new/s12.sv D:/work/vivado/project_2/project_2.srcs/sources_1/new/mux2.sv D:/work/vivado/project_2/project_2.srcs/sources_1/new/regfile.sv D:/work/vivado/project_2/project_2.srcs/sources_1/new/signext.sv D:/work/vivado/project_2/project_2.srcs/sources_1/new/zeroext.sv D:/work/vivado/project_2/project_2.srcs/sources_1/new/alu.sv D:/work/vivado/project_2/project_2.srcs/sources_1/new/imem.sv D:/work/vivado/project_2/project_2.srcs/sources_1/new/DataMemoryDecoder.sv D:/work/vivado/project_2/project_2.srcs/sources_1/new/dmem.sv D:/work/vivado/project_2/project_2.srcs/sources_1/new/IO.sv D:/work/vivado/project_2/project_2.srcs/sources_1/new/mux7seg.v
export_ip_user_files -of_objects  [get_files D:/work/vivado/project_2/project_2.srcs/sim_1/new/testbench.sv] -no_script -reset -force -quiet
remove_files  -fileset sim_1 D:/work/vivado/project_2/project_2.srcs/sim_1/new/testbench.sv
file delete -force D:/work/vivado/project_2/project_2.srcs/sim_1/new/testbench.sv
WARNING: [filemgmt 20-1445] Cannot import file 'D:/work/vivado/project_2/project_2.srcs/sources_1/imports/new/Hex7Seg.sv' on top of itself. Importing a file from the imported source directory can cause this problem.
WARNING: [filemgmt 20-1445] Cannot import file 'D:/work/vivado/project_2/project_2.srcs/sources_1/imports/new/mux2.sv' on top of itself. Importing a file from the imported source directory can cause this problem.
WARNING: [filemgmt 20-1445] Cannot import file 'D:/work/vivado/project_2/project_2.srcs/sources_1/imports/new/dmem.sv' on top of itself. Importing a file from the imported source directory can cause this problem.
WARNING: [filemgmt 20-1445] Cannot import file 'D:/work/vivado/project_2/project_2.srcs/sources_1/imports/new/mux4.sv' on top of itself. Importing a file from the imported source directory can cause this problem.
WARNING: [filemgmt 20-1445] Cannot import file 'D:/work/vivado/project_2/project_2.srcs/sources_1/imports/new/x7seg.sv' on top of itself. Importing a file from the imported source directory can cause this problem.
WARNING: [filemgmt 20-1445] Cannot import file 'D:/work/vivado/project_2/project_2.srcs/sources_1/imports/new/board_top.sv' on top of itself. Importing a file from the imported source directory can cause this problem.
WARNING: [filemgmt 20-1445] Cannot import file 'D:/work/vivado/project_2/project_2.srcs/sources_1/imports/new/dmux.sv' on top of itself. Importing a file from the imported source directory can cause this problem.
WARNING: [filemgmt 20-1445] Cannot import file 'D:/work/vivado/project_2/project_2.srcs/sources_1/imports/new/memorydecoder.sv' on top of itself. Importing a file from the imported source directory can cause this problem.
WARNING: [filemgmt 20-1445] Cannot import file 'D:/work/vivado/project_2/project_2.srcs/sources_1/imports/new/alu.sv' on top of itself. Importing a file from the imported source directory can cause this problem.
WARNING: [filemgmt 20-1445] Cannot import file 'D:/work/vivado/project_2/project_2.srcs/sources_1/imports/new/regfile.sv' on top of itself. Importing a file from the imported source directory can cause this problem.
WARNING: [filemgmt 20-1445] Cannot import file 'D:/work/vivado/project_2/project_2.srcs/sources_1/imports/new/IO.sv' on top of itself. Importing a file from the imported source directory can cause this problem.
WARNING: [filemgmt 20-1445] Cannot import file 'D:/work/vivado/project_2/project_2.srcs/sources_1/imports/new/flopr.sv' on top of itself. Importing a file from the imported source directory can cause this problem.
WARNING: [filemgmt 20-1445] Cannot import file 'D:/work/vivado/project_2/project_2.srcs/sources_1/imports/new/aludec.sv' on top of itself. Importing a file from the imported source directory can cause this problem.
WARNING: [filemgmt 20-1445] Cannot import file 'D:/work/vivado/project_2/project_2.srcs/sources_1/imports/new/zeroext.sv' on top of itself. Importing a file from the imported source directory can cause this problem.
WARNING: [filemgmt 20-1445] Cannot import file 'D:/work/vivado/project_2/project_2.srcs/sources_1/imports/new/Bin2BCD8bit.sv' on top of itself. Importing a file from the imported source directory can cause this problem.
WARNING: [filemgmt 20-1445] Cannot import file 'D:/work/vivado/project_2/project_2.srcs/sources_1/imports/new/sl2.sv' on top of itself. Importing a file from the imported source directory can cause this problem.
WARNING: [filemgmt 20-1445] Cannot import file 'D:/work/vivado/project_2/project_2.srcs/sources_1/imports/new/controller.sv' on top of itself. Importing a file from the imported source directory can cause this problem.
WARNING: [filemgmt 20-1445] Cannot import file 'D:/work/vivado/project_2/project_2.srcs/sources_1/imports/new/maindec.sv' on top of itself. Importing a file from the imported source directory can cause this problem.
WARNING: [filemgmt 20-1445] Cannot import file 'D:/work/vivado/project_2/project_2.srcs/sources_1/imports/new/signext.sv' on top of itself. Importing a file from the imported source directory can cause this problem.
WARNING: [filemgmt 20-1445] Cannot import file 'D:/work/vivado/project_2/project_2.srcs/sources_1/imports/new/datapath.sv' on top of itself. Importing a file from the imported source directory can cause this problem.
WARNING: [filemgmt 20-1445] Cannot import file 'D:/work/vivado/project_2/project_2.srcs/sources_1/imports/new/flopenr.sv' on top of itself. Importing a file from the imported source directory can cause this problem.
WARNING: [filemgmt 20-1445] Cannot import file 'D:/work/vivado/project_2/project_2.srcs/sources_1/imports/new/mips.sv' on top of itself. Importing a file from the imported source directory can cause this problem.
add_files -norecurse {D:/work/vivado/project_2/project_2.srcs/sources_1/imports/new/mips.sv D:/work/vivado/project_2/project_2.srcs/sources_1/imports/new/flopenr.sv D:/work/vivado/project_2/project_2.srcs/sources_1/imports/new/datapath.sv D:/work/vivado/project_2/project_2.srcs/sources_1/imports/new/signext.sv D:/work/vivado/project_2/project_2.srcs/sources_1/imports/new/maindec.sv D:/work/vivado/project_2/project_2.srcs/sources_1/imports/new/controller.sv D:/work/vivado/project_2/project_2.srcs/sources_1/imports/new/sl2.sv D:/work/vivado/project_2/project_2.srcs/sources_1/imports/new/Bin2BCD8bit.sv D:/work/vivado/project_2/project_2.srcs/sources_1/imports/new/zeroext.sv D:/work/vivado/project_2/project_2.srcs/sources_1/imports/new/aludec.sv D:/work/vivado/project_2/project_2.srcs/sources_1/imports/new/flopr.sv D:/work/vivado/project_2/project_2.srcs/sources_1/imports/new/IO.sv D:/work/vivado/project_2/project_2.srcs/sources_1/imports/new/regfile.sv D:/work/vivado/project_2/project_2.srcs/sources_1/imports/new/alu.sv D:/work/vivado/project_2/project_2.srcs/sources_1/imports/new/memorydecoder.sv D:/work/vivado/project_2/project_2.srcs/sources_1/imports/new/dmux.sv D:/work/vivado/project_2/project_2.srcs/sources_1/imports/new/board_top.sv D:/work/vivado/project_2/project_2.srcs/sources_1/imports/new/x7seg.sv D:/work/vivado/project_2/project_2.srcs/sources_1/imports/new/mux4.sv D:/work/vivado/project_2/project_2.srcs/sources_1/imports/new/dmem.sv D:/work/vivado/project_2/project_2.srcs/sources_1/imports/new/mux2.sv D:/work/vivado/project_2/project_2.srcs/sources_1/imports/new/Hex7Seg.sv}
update_compile_order -fileset sources_1
update_compile_order -fileset sources_1
exit
INFO: [Common 17-206] Exiting Vivado at Sun Jun 20 00:22:12 2021...
