#-----------------------------------------------------------
# Vivado v2019.2 (64-bit)
# SW Build 2708876 on Wed Nov  6 21:40:23 MST 2019
# IP Build 2700528 on Thu Nov  7 00:09:20 MST 2019
# Start of session at: Sat Jun 19 23:55:42 2021
# Process ID: 5124
# Current directory: D:/work/vivado/project_2
# Command line: vivado.exe -gui_launcher_event rodinguilauncherevent12084 D:\work\vivado\project_2\project_2.xpr
# Log file: D:/work/vivado/project_2/vivado.log
# Journal file: D:/work/vivado/project_2\vivado.jou
#-----------------------------------------------------------
start_gui
open_project D:/work/vivado/project_2/project_2.xpr
Scanning sources...
Finished scanning sources
INFO: [IP_Flow 19-234] Refreshing IP repositories
INFO: [IP_Flow 19-1704] No user IP repositories specified
INFO: [IP_Flow 19-2313] Loaded Vivado IP repository 'D:/Xilinx/Vivado/2019.2/data/ip'.
open_project: Time (s): cpu = 00:00:44 ; elapsed = 00:00:20 . Memory (MB): peak = 715.512 ; gain = 80.746
update_compile_order -fileset sources_1
exit
INFO: [Common 17-206] Exiting Vivado at Sat Jun 19 23:57:37 2021...
